<?xml version="1.0" encoding="UTF-8"?>
<testsuite xmlns:xsi="http://www.w3.org/2001/XMLSchema-instance" xsi:noNamespaceSchemaLocation="https://maven.apache.org/surefire/maven-surefire-plugin/xsd/surefire-test-report-3.0.xsd" version="3.0" name="com.example.addressidentificator.AddressIdentificatorApplicationTests" time="5.305" tests="1" errors="0" skipped="0" failures="0">
  <properties>
[...]
</properties>
  <testcase name="contextLoads" classname="com.example.addressidentificator.AddressIdentificatorApplicationTests" time="1.588">
    <system-out><![CDATA[14:32:19.356 [main] INFO org.springframework.test.context.support.AnnotationConfigContextLoaderUtils -- Could not detect default configuration classes for test class [com.example.addressidentificator.AddressIdentificatorApplicationTests]: AddressIdentificatorApplicationTests does not declare any static, non-private, non-final, nested classes annotated with @Configuration.
14:32:19.627 [main] INFO org.springframework.boot.test.context.SpringBootTestContextBootstrapper -- Found @SpringBootConfiguration com.example.addressidentificator.AddressIdentificatorApplication for test class com.example.addressidentificator.AddressIdentificatorApplicationTests

  .   ____          _            __ _ _
 /\\ / ___'_ __ _ _(_)_ __  __ _ \ \ \ \
( ( )\___ | '_ | '_| | '_ \/ _` | \ \ \ \
 \\/  ___)| |_)| | | | | || (_| |  ) ) ) )
  '  |____| .__|_| |_|_| |_\__, | / / / /
 =========|_|==============|___/=/_/_/_/
 :: Spring Boot ::                (v3.1.3)

2023-08-26T14:32:20.423+03:00  INFO 7836 --- [           main] e.a.AddressIdentificatorApplicationTests : Starting AddressIdentificatorApplicationTests using Java 17.0.8 with PID 7836 (started by Никита in C:\Users\Никита\IdeaProjects\addressIdentificator)
2023-08-26T14:32:20.426+03:00  INFO 7836 --- [           main] e.a.AddressIdentificatorApplicationTests : No active profile set, falling back to 1 default profile: "default"
2023-08-26T14:32:22.674+03:00  INFO 7836 --- [           main] e.a.AddressIdentificatorApplicationTests : Started AddressIdentificatorApplicationTests in 2.706 seconds (process running for 4.685)
]]></system-out>
  </testcase>
</testsuite>